<?xml version="1.0" encoding="UTF-8"?>
<testng-results skipped="0" failed="0" total="2" passed="2">
  <reporter-output>
  </reporter-output>
  <suite name="Default suite" duration-ms="32188" started-at="2021-09-21T15:50:49Z" finished-at="2021-09-21T15:51:21Z">
    <groups>
    </groups>
    <test name="Default test" duration-ms="32188" started-at="2021-09-21T15:50:49Z" finished-at="2021-09-21T15:51:21Z">
      <class name="com.amit.qa.testcases.LoginPageTest">
        <test-method status="PASS" signature="setUp()[pri:0, instance:com.amit.qa.testcases.LoginPageTest@2c8d66b2]" name="setUp" is-config="true" duration-ms="15527" started-at="2021-09-21T21:20:49Z" finished-at="2021-09-21T21:21:05Z">
          <reporter-output>
          </reporter-output>
        </test-method> <!-- setUp -->
        <test-method status="PASS" signature="loginPageTitleTest()[pri:0, instance:com.amit.qa.testcases.LoginPageTest@2c8d66b2]" name="loginPageTitleTest" duration-ms="13" started-at="2021-09-21T21:21:05Z" finished-at="2021-09-21T21:21:05Z">
          <reporter-output>
          </reporter-output>
        </test-method> <!-- loginPageTitleTest -->
        <test-method status="PASS" signature="tearDown()[pri:0, instance:com.amit.qa.testcases.LoginPageTest@2c8d66b2]" name="tearDown" is-config="true" duration-ms="731" started-at="2021-09-21T21:21:05Z" finished-at="2021-09-21T21:21:05Z">
          <reporter-output>
          </reporter-output>
        </test-method> <!-- tearDown -->
        <test-method status="PASS" signature="setUp()[pri:0, instance:com.amit.qa.testcases.LoginPageTest@2c8d66b2]" name="setUp" is-config="true" duration-ms="15068" started-at="2021-09-21T21:21:05Z" finished-at="2021-09-21T21:21:20Z">
          <reporter-output>
          </reporter-output>
        </test-method> <!-- setUp -->
        <test-method status="PASS" signature="crmLogoImageTest()[pri:0, instance:com.amit.qa.testcases.LoginPageTest@2c8d66b2]" name="crmLogoImageTest" duration-ms="89" started-at="2021-09-21T21:21:20Z" finished-at="2021-09-21T21:21:20Z">
          <reporter-output>
          </reporter-output>
        </test-method> <!-- crmLogoImageTest -->
        <test-method status="PASS" signature="tearDown()[pri:0, instance:com.amit.qa.testcases.LoginPageTest@2c8d66b2]" name="tearDown" is-config="true" duration-ms="748" started-at="2021-09-21T21:21:20Z" finished-at="2021-09-21T21:21:21Z">
          <reporter-output>
          </reporter-output>
        </test-method> <!-- tearDown -->
      </class> <!-- com.amit.qa.testcases.LoginPageTest -->
    </test> <!-- Default test -->
  </suite> <!-- Default suite -->
</testng-results>
